
> rest-express@1.0.0 dev
> cross-env NODE_ENV=development DATABASE_URL="postgresql://neondb_owner:npg_4qUzlEaM3vPc@ep-small-moon-ad292p30.c-2.us-east-1.aws.neon.tech/neondb?sslmode=require" tsx server/index.ts

DATABASE_URL from env: SET
NODE_ENV: development
[STORAGE] Using database storage
[dotenv@17.2.1] injecting env (0) from .env -- tip: ⚙️  suppress all logs with { quiet: true }
node:events:496
      throw er; // Unhandled 'error' event
      ^

Error: listen EADDRINUSE: address already in use ::1:5000
    at Server.setupListenHandle [as _listen2] (node:net:1940:16)
    at listenInCluster (node:net:1997:12)
    at GetAddrInfoReqWrap.callback (node:net:2206:7)
    at GetAddrInfoReqWrap.onlookupall [as oncomplete] (node:dns:134:8)
Emitted 'error' event on Server instance at:
    at emitErrorNT (node:net:1976:8)
    at process.processTicksAndRejections (node:internal/process/task_queues:90:21) {
  code: 'EADDRINUSE',
  errno: -98,
  syscall: 'listen',
  address: '::1',
  port: 5000
}

Node.js v22.17.0
